<?xml version="1.0" encoding="UTF-8" ?>
<testsuite tests="2" failures="1" name="TestCase.LoginPageTest" time="2.928" errors="0" skipped="1">
  <properties>
[...]
</properties>
  <testcase classname="TestCase.LoginPageTest" name="setUp" time="1.462">
    <failure message="The driver executable does not exist: C:\Users\kindd\eclipse-workspace\BDD\Database\drivers\chromedriver.exe" type="java.lang.IllegalStateException">java.lang.IllegalStateException: The driver executable does not exist: C:\Users\kindd\eclipse-workspace\BDD\Database\drivers\chromedriver.exe
	at com.google.common.base.Preconditions.checkState(Preconditions.java:585)
	at org.openqa.selenium.remote.service.DriverService.checkExecutable(DriverService.java:137)
	at org.openqa.selenium.remote.service.DriverService.findExecutable(DriverService.java:132)
	at org.openqa.selenium.chrome.ChromeDriverService.access$000(ChromeDriverService.java:35)
	at org.openqa.selenium.chrome.ChromeDriverService$Builder.findDefaultExecutable(ChromeDriverService.java:156)
	at org.openqa.selenium.remote.service.DriverService$Builder.build(DriverService.java:346)
	at org.openqa.selenium.chrome.ChromeDriverService.createDefaultService(ChromeDriverService.java:91)
	at org.openqa.selenium.chrome.ChromeDriver.&lt;init&gt;(ChromeDriver.java:123)
	at Base.TestBase.initializeDriver(TestBase.java:24)
	at TestCase.LoginPageTest.setUp(LoginPageTest.java:18)
</failure>
    <system-out>Configuring TestNG with: org.apache.maven.surefire.testng.conf.TestNG652Configurator@368102c8
</system-out>
  </testcase>
  <testcase classname="TestCase.LoginPageTest" name="loginTest" time="1.466">
    <skipped/>
  </testcase>
</testsuite>