<?xml version="1.0" encoding="UTF-8"?>
<testng-results skipped="0" failed="0" ignored="0" total="1" passed="1">
  <reporter-output>
  </reporter-output>
  <suite name="Default suite" duration-ms="14728" started-at="2021-06-21T23:01:02 CDT" finished-at="2021-06-21T23:01:17 CDT">
    <groups>
    </groups>
    <test name="Default test" duration-ms="14728" started-at="2021-06-21T23:01:02 CDT" finished-at="2021-06-21T23:01:17 CDT">
      <class name="TestCase.LoginPageTest">
        <test-method status="PASS" signature="setUp()[pri:0, instance:TestCase.LoginPageTest@48503868]" name="setUp" is-config="true" duration-ms="5043" started-at="2021-06-21T23:01:03 CDT" finished-at="2021-06-21T23:01:08 CDT">
          <reporter-output>
          </reporter-output>
        </test-method> <!-- setUp -->
        <test-method status="PASS" signature="loginTest()[pri:0, instance:TestCase.LoginPageTest@48503868]" name="loginTest" duration-ms="8808" started-at="2021-06-21T23:01:08 CDT" finished-at="2021-06-21T23:01:16 CDT">
          <reporter-output>
          </reporter-output>
        </test-method> <!-- loginTest -->
        <test-method status="PASS" signature="tearDown()[pri:0, instance:TestCase.LoginPageTest@48503868]" name="tearDown" is-config="true" duration-ms="822" started-at="2021-06-21T23:01:16 CDT" finished-at="2021-06-21T23:01:17 CDT">
          <reporter-output>
          </reporter-output>
        </test-method> <!-- tearDown -->
      </class> <!-- TestCase.LoginPageTest -->
    </test> <!-- Default test -->
  </suite> <!-- Default suite -->
</testng-results>
